Mar 30, 2016 11:56:28 AM org.apache.catalina.startup.VersionLoggerListener log
INFO: Server version:        Apache Tomcat/7.0.59
Mar 30, 2016 11:56:28 AM org.apache.catalina.startup.VersionLoggerListener log
INFO: Server built:          Jan 28 2015 15:51:10 UTC
Mar 30, 2016 11:56:28 AM org.apache.catalina.startup.VersionLoggerListener log
INFO: Server number:         7.0.59.0
Mar 30, 2016 11:56:28 AM org.apache.catalina.startup.VersionLoggerListener log
INFO: OS Name:               Linux
Mar 30, 2016 11:56:28 AM org.apache.catalina.startup.VersionLoggerListener log
INFO: OS Version:            2.6.32-504.el6.x86_64
Mar 30, 2016 11:56:28 AM org.apache.catalina.startup.VersionLoggerListener log
INFO: Architecture:          amd64
Mar 30, 2016 11:56:28 AM org.apache.catalina.startup.VersionLoggerListener log
INFO: Java Home:             /usr/local/jdk1.7.0_80/jre
Mar 30, 2016 11:56:28 AM org.apache.catalina.startup.VersionLoggerListener log
INFO: JVM Version:           1.7.0_80-b15
Mar 30, 2016 11:56:28 AM org.apache.catalina.startup.VersionLoggerListener log
INFO: JVM Vendor:            Oracle Corporation
Mar 30, 2016 11:56:28 AM org.apache.catalina.startup.VersionLoggerListener log
INFO: CATALINA_BASE:         /usr/local/tomcat
Mar 30, 2016 11:56:28 AM org.apache.catalina.startup.VersionLoggerListener log
INFO: CATALINA_HOME:         /usr/local/tomcat
Mar 30, 2016 11:56:28 AM org.apache.catalina.startup.VersionLoggerListener log
INFO: Command line argument: -Djava.util.logging.config.file=/usr/local/tomcat/conf/logging.properties
Mar 30, 2016 11:56:28 AM org.apache.catalina.startup.VersionLoggerListener log
INFO: Command line argument: -Djava.util.logging.manager=org.apache.juli.ClassLoaderLogManager
Mar 30, 2016 11:56:28 AM org.apache.catalina.startup.VersionLoggerListener log
INFO: Command line argument: -Djava.endorsed.dirs=/usr/local/tomcat/endorsed
Mar 30, 2016 11:56:28 AM org.apache.catalina.startup.VersionLoggerListener log
INFO: Command line argument: -Dcatalina.base=/usr/local/tomcat
Mar 30, 2016 11:56:28 AM org.apache.catalina.startup.VersionLoggerListener log
INFO: Command line argument: -Dcatalina.home=/usr/local/tomcat
Mar 30, 2016 11:56:28 AM org.apache.catalina.startup.VersionLoggerListener log
INFO: Command line argument: -Djava.io.tmpdir=/usr/local/tomcat/temp
Mar 30, 2016 11:56:28 AM org.apache.catalina.core.AprLifecycleListener lifecycleEvent
INFO: The APR based Apache Tomcat Native library which allows optimal performance in production environments was not found on the java.library.path: /usr/local/oracle/11.1.0.1/client/lib:/usr/java/packages/lib/amd64:/usr/lib64:/lib64:/lib:/usr/lib
Mar 30, 2016 11:56:28 AM org.apache.coyote.AbstractProtocol init
INFO: Initializing ProtocolHandler ["http-bio-18080"]
Mar 30, 2016 11:56:28 AM org.apache.coyote.AbstractProtocol init
INFO: Initializing ProtocolHandler ["ajp-bio-8009"]
Mar 30, 2016 11:56:28 AM org.apache.catalina.startup.Catalina load
INFO: Initialization processed in 1694 ms
Mar 30, 2016 11:56:28 AM org.apache.catalina.core.StandardService startInternal
INFO: Starting service Catalina
Mar 30, 2016 11:56:28 AM org.apache.catalina.core.StandardEngine startInternal
INFO: Starting Servlet Engine: Apache Tomcat/7.0.59
Mar 30, 2016 11:56:29 AM org.apache.catalina.loader.WebappClassLoader validateJarFile
INFO: validateJarFile(/usr/local/disconf/war/WEB-INF/lib/servlet-api-2.5.jar) - jar not loaded. See Servlet Spec 3.0, section 10.7.2. Offending class: javax/servlet/Servlet.class
三月 30, 2016 11:56:47 上午 org.apache.coyote.AbstractProtocol start
信息: Starting ProtocolHandler ["http-bio-18080"]
三月 30, 2016 11:56:47 上午 org.apache.coyote.AbstractProtocol start
信息: Starting ProtocolHandler ["ajp-bio-8009"]
三月 30, 2016 11:56:47 上午 org.apache.catalina.startup.Catalina start
信息: Server startup in 18887 ms
